bcc XOR rnw -> z13
bff AND hsh -> mvd
bff XOR hsh -> z40
bfv AND cpt -> nqs
bfv XOR cpt -> z09
bmg XOR thq -> z21
bnv AND dqr -> mqc
bnv XOR dqr -> z23
bqc XOR mdd -> z16
bqv AND fdk -> rwg
bsk AND pjd -> dwf
cbs AND pfr -> sbd
cbs XOR pfr -> z44
chd AND rqd -> gsc
cjb OR kqr -> z19
dcn AND fgg -> wpr
dcn XOR fgg -> z29
ddf AND pvc -> dbj
dmf OR gcw -> jpb
dnn AND hrd -> jjg
dnn XOR hrd -> z11
dqq OR gkj -> ntg
dsm OR jrp -> wjg
dtt XOR qgt -> z17
dwq OR tkd -> cbs
fbd OR rvn -> bcc
fdk XOR bqv -> z04
fdq OR rrt -> phs
ffh XOR gdw -> fvw
fmd AND hjc -> mkq
fmd XOR hjc -> z28
fsw AND svb -> tvh
ftr AND mcw -> fkw
ftr XOR mcw -> z14
fvw AND ndj -> bms
gdw AND ffh -> kqr
gfc AND hsj -> btd
gjb AND djh -> jqj
gjb XOR djh -> z38
gpc OR fkw -> rjn
gsc OR gnt -> hrn
hgj OR vds -> wjp
hgq AND fbm -> gcw
hgq XOR fbm -> z30
hrn AND ckm -> vds
hrn XOR ckm -> z07
hsj XOR gfc -> z03
htp AND ntg -> cbr
hwk OR bqk -> dnn
jdw XOR sjg -> z24
jjg OR fvv -> hwd
jpb AND qjc -> vdd
jpq XOR wjg -> z02
jqg OR dhg -> tpj
jqn OR rwg -> rpv
jrk OR rww -> mcw
jvp AND smc -> rrt
jvp XOR smc -> z25
kjd OR dwf -> fsw
kvm AND qcv -> krc
kvn AND wjp -> tvb
kvn XOR wjp -> z08
"mdb,rqd,wpq,z18,z19,z22,z36,z37"
mdd AND bqc -> ctn
mhf AND phs -> dhg
mhf XOR phs -> z26
mkq OR vmf -> fgg
mtd AND ppj -> jrp
mtd XOR ppj -> z01
mvd OR dtp -> pvc
ndj XOR fvw -> z18
nhj OR rrr -> jvp
nhq XOR vjj -> z39
npn AND vrp -> smh
npn XOR vrp -> z32
nqg XOR vbm -> z43
nrr AND msm -> vvb
nrr XOR msm -> z20
ntg XOR htp -> z34
nwg AND fsf -> mdb
nwg XOR fsf -> z22
nwp OR krc -> nqg
nwq OR tvh -> vmq
pcq OR mqc -> sjg
pfb OR spm -> mdd
pjd XOR bsk -> z35
prv OR vvb -> bmg
psj AND rqp -> bqk
psj XOR rqp -> z10
pvc XOR ddf -> z41
pvd OR ctn -> qgt
pws OR bjg -> bff
qcq OR kjq -> fmd
qcv XOR kvm -> z42
qgt AND dtt -> bct
qjc XOR jpb -> z31
qmh OR sbd -> z45
qvr OR jqj -> vjj
rjb OR kwm -> gfc
rjn AND svf -> pfb
rjn XOR svf -> z15
rmj OR cbr -> pjd
rnw AND bcc -> rww
rpv AND wpq -> wjv
rqd XOR chd -> z06
rtt OR nfh -> nwg
sbs OR mdb -> dqr
shr OR wmg -> gjb
sjg AND jdw -> nhj
skg AND hwd -> fbd
skg XOR hwd -> z12
smh OR whh -> wcj
svb XOR fsw -> nwq
tdg OR bms -> nrr
thq AND bmg -> nfh
tmt OR dbj -> qcv
tpj AND knv -> kjq
tpj XOR knv -> z27
tvb OR gbn -> bfv
vbm AND nqg -> dwq
vdd OR wfh -> vrp
vjj AND nhq -> pws
vmj OR btd -> bqv
vmq AND hmw -> wmg
vmq XOR hmw -> z36
vsm OR nqs -> psj
vvt OR bct -> ffh
wcj AND nct -> gkj
wcj XOR nct -> z33
wjg AND jpq -> kwm
wjv OR grf -> chd
wpq XOR rpv -> z05
wpr OR fqs -> hgq
x01 XOR y01 -> mtd
x03 XOR y03 -> hsj
x05 AND y05 -> rqd
x05 XOR y05 -> grf
x06 XOR y06 -> wpq
x07 AND y07 -> hgj
x07 XOR y07 -> ckm
x10 AND y10 -> hwk
x11 XOR y11 -> hrd
x12 AND y12 -> rvn
x14 XOR y14 -> ftr
x15 AND y15 -> spm
x15 XOR y15 -> svf
x17 XOR y17 -> dtt
x18 XOR y18 -> gdw
x19 AND y19 -> tdg
x20 AND y20 -> prv
x20 XOR y20 -> msm
x21 AND y21 -> rtt
x21 XOR y21 -> thq
x22 XOR y22 -> fsf
x23 XOR y23 -> bnv
x25 XOR y25 -> smc
x26 XOR y26 -> mhf
x28 XOR y28 -> hjc
x29 AND y29 -> fqs
x29 XOR y29 -> dcn
x30 AND y30 -> dmf
x30 XOR y30 -> fbm
x31 XOR y31 -> qjc
x32 AND y32 -> whh
x32 XOR y32 -> npn
x33 XOR y33 -> nct
x34 AND y34 -> rmj
x34 XOR y34 -> htp
x35 XOR y35 -> bsk
x36 XOR y36 -> svb
x38 XOR y38 -> djh
x39 AND y39 -> bjg
x39 XOR y39 -> nhq
x41 XOR y41 -> ddf
x43 AND y43 -> tkd
x44 XOR y44 -> pfr
y00 AND x00 -> ppj
y00 XOR x00 -> z00
y01 AND x01 -> dsm
y02 AND x02 -> rjb
y02 XOR x02 -> jpq
y03 AND x03 -> vmj
y04 AND x04 -> jqn
y04 XOR x04 -> fdk
y06 AND x06 -> gnt
y08 AND x08 -> gbn
y08 XOR x08 -> kvn
y09 AND x09 -> vsm
y09 XOR x09 -> cpt
y10 XOR x10 -> rqp
y11 AND x11 -> fvv
y12 XOR x12 -> skg
y13 AND x13 -> jrk
y13 XOR x13 -> rnw
y14 AND x14 -> gpc
y16 AND x16 -> pvd
y16 XOR x16 -> bqc
y17 AND x17 -> vvt
y18 AND x18 -> cjb
y19 XOR x19 -> ndj
y22 AND x22 -> sbs
y23 AND x23 -> pcq
y24 AND x24 -> rrr
y24 XOR x24 -> jdw
y25 AND x25 -> fdq
y26 AND x26 -> jqg
y27 AND x27 -> qcq
y27 XOR x27 -> knv
y28 AND x28 -> vmf
y31 AND x31 -> wfh
y33 AND x33 -> dqq
y35 AND x35 -> kjd
y36 AND x36 -> z37
y37 AND x37 -> shr
y37 XOR x37 -> hmw
y38 AND x38 -> qvr
y40 AND x40 -> dtp
y40 XOR x40 -> hsh
y41 AND x41 -> tmt
y42 AND x42 -> nwp
y42 XOR x42 -> kvm
y43 XOR x43 -> vbm
y44 AND x44 -> qmh
